#
# An unexpected error has been detected by Java Runtime Environment:
#
#  EXCEPTION_ACCESS_VIOLATION (0xc0000005) at pc=0x7c918fea, pid=5264, tid=2188
#
# Java VM: Java HotSpot(TM) Client VM (1.6.0_03-b05 mixed mode)
# Problematic frame:
# C  [ntdll.dll+0x18fea]
#
# If you would like to submit a bug report, please visit:
#   http://java.sun.com/webapps/bugreport/crash.jsp
#

---------------  T H R E A D  ---------------

Current thread (0x0aaedc00):  JavaThread "JDWP Command Reader" daemon [_thread_in_native, id=2188]

siginfo: ExceptionCode=0xc0000005, writing address 0x00000010

Registers:
EAX=0x00000000, EBX=0x00000000, ECX=0x000025f0, EDX=0x0ada62fc
ESP=0x0b00f9f0, EBP=0x0b00fa64, ESI=0x0ada62ec, EDI=0x00000000
EIP=0x7c918fea, EFLAGS=0x00010246

Top of Stack: (sp=0x0b00f9f0)
0x0b00f9f0:   0ad83c18 00000000 00000000 ffb3b4c0
0x0b00fa00:   ffffffff 00099008 00000000 00000000
0x0b00fa10:   0b00fa88 71a557c9 00002504 00002584
0x0b00fa20:   00000002 71a544b0 0b00fb14 0b00fb20
0x0b00fa30:   00000001 0b00fafc 00000001 00000000
0x0b00fa40:   00000020 0b00fb84 0b00fb0c 00000000
0x0b00fa50:   00000000 00002504 00000000 00000000
0x0b00fa60:   000025f0 0b00fafc 7c90104b 00da62ec 

Instructions: (pc=0x7c918fea)
0x7c918fda:   8b 46 10 3b c3 89 45 fc 0f 84 9e 00 00 00 8b 06
0x7c918fea:   ff 40 10 8b 45 fc 83 e0 01 89 45 e8 8b 06 ff 40 


Stack: [0x0afc0000,0x0b010000),  sp=0x0b00f9f0,  free space=318k
Native frames: (J=compiled Java code, j=interpreted, Vv=VM code, C=native code)
C  [ntdll.dll+0x18fea]
C  [ntdll.dll+0x104b]


---------------  P R O C E S S  ---------------

Java Threads: ( => current thread )
  0x0ab2ac00 JavaThread "Thread-4" [_thread_blocked, id=4288]
  0x003d6400 JavaThread "DestroyJavaVM" [_thread_blocked, id=3284]
  0x0ab25800 JavaThread "Thread-2" [_thread_blocked, id=3296]
  0x0ab20400 JavaThread "Thread-1" [_thread_blocked, id=2224]
  0x0ab20c00 JavaThread "Thread-0" [_thread_blocked, id=3656]
  0x0aaf2400 JavaThread "Low Memory Detector" daemon [_thread_blocked, id=4048]
  0x0aaf1400 JavaThread "CompilerThread0" daemon [_thread_blocked, id=4476]
=>0x0aaedc00 JavaThread "JDWP Command Reader" daemon [_thread_in_native, id=2188]
  0x0aae2c00 JavaThread "JDWP Event Helper Thread" daemon [_thread_blocked, id=3856]
  0x0aae0c00 JavaThread "JDWP Transport Listener: dt_socket" daemon [_thread_blocked, id=4268]
  0x0aad5c00 JavaThread "Attach Listener" daemon [_thread_blocked, id=5396]
  0x0aac7000 JavaThread "Finalizer" daemon [_thread_blocked, id=5936]
  0x0aac2c00 JavaThread "Reference Handler" daemon [_thread_blocked, id=3872]

Other Threads:
  0x0aabe400 VMThread [id=4968]

VM state:at safepoint (normal execution)

VM Mutex/Monitor currently owned by a thread:  ([mutex/lock_event])
[0x003d51c8/0x0000271c] Threads_lock - owner thread: 0x0aabe400

Heap
 def new generation   total 960K, used 589K [0x029b0000, 0x02ab0000, 0x02e90000)
  eden space 896K,  65% used [0x029b0000, 0x02a43750, 0x02a90000)
  from space 64K,   0% used [0x02a90000, 0x02a90000, 0x02aa0000)
  to   space 64K,   0% used [0x02aa0000, 0x02aa0000, 0x02ab0000)
 tenured generation   total 4096K, used 0K [0x02e90000, 0x03290000, 0x069b0000)
   the space 4096K,   0% used [0x02e90000, 0x02e90000, 0x02e90200, 0x03290000)
 compacting perm gen  total 12288K, used 2216K [0x069b0000, 0x075b0000, 0x0a9b0000)
   the space 12288K,  18% used [0x069b0000, 0x06bda328, 0x06bda400, 0x075b0000)
No shared spaces configured.

Dynamic libraries:
0x00400000 - 0x00423000 	C:\Program Files\Java\jre1.6.0_03\bin\javaw.exe
0x7c900000 - 0x7c9b0000 	C:\WINDOWS\system32\ntdll.dll
0x7c800000 - 0x7c8f5000 	C:\WINDOWS\system32\kernel32.dll
0x77dd0000 - 0x77e6b000 	C:\WINDOWS\system32\ADVAPI32.dll
0x77e70000 - 0x77f01000 	C:\WINDOWS\system32\RPCRT4.dll
0x7e410000 - 0x7e4a0000 	C:\WINDOWS\system32\USER32.dll
0x77f10000 - 0x77f57000 	C:\WINDOWS\system32\GDI32.dll
0x76390000 - 0x763ad000 	C:\WINDOWS\system32\IMM32.DLL
0x7c340000 - 0x7c396000 	C:\Program Files\Java\jre1.6.0_03\bin\msvcr71.dll
0x6d7c0000 - 0x6da0a000 	C:\Program Files\Java\jre1.6.0_03\bin\client\jvm.dll
0x76b40000 - 0x76b6d000 	C:\WINDOWS\system32\WINMM.dll
0x6d310000 - 0x6d318000 	C:\Program Files\Java\jre1.6.0_03\bin\hpi.dll
0x76bf0000 - 0x76bfb000 	C:\WINDOWS\system32\PSAPI.DLL
0x6d400000 - 0x6d429000 	C:\Program Files\Java\jre1.6.0_03\bin\jdwp.dll
0x6d6c0000 - 0x6d6c6000 	C:\Program Files\Java\jre1.6.0_03\bin\npt.dll
0x6d770000 - 0x6d77c000 	C:\Program Files\Java\jre1.6.0_03\bin\verify.dll
0x6d3b0000 - 0x6d3cf000 	C:\Program Files\Java\jre1.6.0_03\bin\java.dll
0x6d7b0000 - 0x6d7bf000 	C:\Program Files\Java\jre1.6.0_03\bin\zip.dll
0x6d280000 - 0x6d287000 	C:\Program Files\Java\jre1.6.0_03\bin\dt_socket.dll
0x71ab0000 - 0x71ac7000 	C:\WINDOWS\system32\WS2_32.dll
0x77c10000 - 0x77c68000 	C:\WINDOWS\system32\msvcrt.dll
0x71aa0000 - 0x71aa8000 	C:\WINDOWS\system32\WS2HELP.dll
0x71a50000 - 0x71a8f000 	C:\WINDOWS\System32\mswsock.dll
0x76f20000 - 0x76f47000 	C:\WINDOWS\system32\DNSAPI.dll
0x76fb0000 - 0x76fb8000 	C:\WINDOWS\System32\winrnr.dll
0x76f60000 - 0x76f8c000 	C:\WINDOWS\system32\WLDAP32.dll
0x76fc0000 - 0x76fc6000 	C:\WINDOWS\system32\rasadhlp.dll
0x20b00000 - 0x20b4b000 	C:\WINDOWS\system32\imon.dll
0x774e0000 - 0x7761d000 	C:\WINDOWS\system32\ole32.dll
0x71ad0000 - 0x71ad9000 	C:\WINDOWS\system32\WSOCK32.dll
0x662b0000 - 0x66308000 	C:\WINDOWS\system32\hnetcfg.dll
0x71a90000 - 0x71a98000 	C:\WINDOWS\System32\wshtcpip.dll

VM Arguments:
jvm_args: -agentlib:jdwp=transport=dt_socket,suspend=y,address=localhost:1258
java_command: interfaces.Exe
Launcher Type: SUN_STANDARD

Environment Variables:
CLASSPATH=.;C:\Program Files\Java\jre1.5.0_06\lib\ext\QTJava.zip
PATH=C:\Program Files\MiKTeX 2.6\miktex\bin;C:\Program Files\Java\jre1.5.0_06\bin;C:\Oracle9i\bin;C:\Program Files\Oracle\jre\1.3.1\bin;C:\Program Files\Oracle\jre\1.1.8\bin;C:\WINDOWS\system32;C:\WINDOWS;C:\WINDOWS\System32\Wbem;C:\Program Files\Symantec\pcAnywhere\;C:\Program Files\ATI Technologies\ATI Control Panel;C:\Program Files\QuickTime\QTSystem\;
USERNAME=Maurix
OS=Windows_NT
PROCESSOR_IDENTIFIER=x86 Family 15 Model 2 Stepping 9, GenuineIntel



---------------  S Y S T E M  ---------------

OS: Windows XP Build 2600 Service Pack 2

CPU:total 2 (1 cores per cpu, 2 threads per core) family 15 model 2 stepping 9, cmov, cx8, fxsr, mmx, sse, sse2, ht

Memory: 4k page, physical 1047276k(181372k free), swap 1733772k(650060k free)

vm_info: Java HotSpot(TM) Client VM (1.6.0_03-b05) for windows-x86, built on Sep 24 2007 22:24:33 by "java_re" with unknown MS VC++:1310

