\BOOKMARK [-1][-]{part.1}{Introducci\363n}{}% 1
\BOOKMARK [-1][-]{part.2}{Objetivos}{}% 2
\BOOKMARK [-1][-]{part.3}{Metodolog\355a}{}% 3
\BOOKMARK [-1][-]{part.4}{Resultados y Discusi\363n}{}% 4
\BOOKMARK [0][-]{chapter.1}{El Sistema Operativo \(OS\) Android}{part.4}% 5
\BOOKMARK [1][-]{section.1.1}{Inicios y evoluci\363n}{chapter.1}% 6
\BOOKMARK [1][-]{section.1.2}{Versiones}{chapter.1}% 7
\BOOKMARK [1][-]{section.1.3}{¿Qu\351 se necesita tener en cuenta para poder comenzar a crear una aplicaci\363n en Android?}{chapter.1}% 8
\BOOKMARK [1][-]{section.1.4}{Las herramientas para trabajar con la plataforma Android}{chapter.1}% 9
\BOOKMARK [2][-]{subsection.1.4.1}{Ejemplos de algunas herramientas para el desarrollo de aplicaciones}{section.1.4}% 10
\BOOKMARK [0][-]{chapter.2}{El desarrollo en Android}{part.4}% 11
\BOOKMARK [1][-]{section.2.1}{La DVM}{chapter.2}% 12
\BOOKMARK [1][-]{section.2.2}{La arquitectura Android}{chapter.2}% 13
\BOOKMARK [1][-]{section.2.3}{Partes que componen un proyecto de desarrollo Android}{chapter.2}% 14
\BOOKMARK [2][-]{subsection.2.3.1}{Las activities}{section.2.3}% 15
\BOOKMARK [2][-]{subsection.2.3.2}{El ciclo de vida de una activity}{section.2.3}% 16
\BOOKMARK [2][-]{subsection.2.3.3}{El back stack de activities}{section.2.3}% 17
\BOOKMARK [2][-]{subsection.2.3.4}{Los Intents}{section.2.3}% 18
\BOOKMARK [2][-]{subsection.2.3.5}{El Manifest}{section.2.3}% 19
\BOOKMARK [2][-]{subsection.2.3.6}{Los layouts}{section.2.3}% 20
\BOOKMARK [2][-]{subsection.2.3.7}{Los eventos de UI}{section.2.3}% 21
\BOOKMARK [2][-]{subsection.2.3.8}{El Style}{section.2.3}% 22
\BOOKMARK [2][-]{subsection.2.3.9}{El Theme}{section.2.3}% 23
\BOOKMARK [2][-]{subsection.2.3.10}{El AdapterView}{section.2.3}% 24
\BOOKMARK [2][-]{subsection.2.3.11}{Los men\372es}{section.2.3}% 25
\BOOKMARK [2][-]{subsection.2.3.12}{Los Dialogs}{section.2.3}% 26
\BOOKMARK [2][-]{subsection.2.3.13}{Los Resources}{section.2.3}% 27
\BOOKMARK [2][-]{subsection.2.3.14}{El ASyncTask}{section.2.3}% 28
\BOOKMARK [2][-]{subsection.2.3.15}{El Content Provider}{section.2.3}% 29
\BOOKMARK [1][-]{section.2.4}{Los Servicios}{chapter.2}% 30
\BOOKMARK [1][-]{section.2.5}{Los secretos de performance}{chapter.2}% 31
\BOOKMARK [2][-]{subsection.2.5.1}{Mitos de performance}{section.2.5}% 32
\BOOKMARK [2][-]{subsection.2.5.2}{Siempre medir}{section.2.5}% 33
\BOOKMARK [1][-]{section.2.6}{La interacción con servicios remotos}{chapter.2}% 34
\BOOKMARK [1][-]{section.2.7}{El DDMS}{chapter.2}% 35
\BOOKMARK [1][-]{section.2.8}{El LogCat}{chapter.2}% 36
\BOOKMARK [0][-]{chapter.3}{El Terminal de Punto de Venta \(TPV\)}{part.4}% 37
\BOOKMARK [1][-]{section.3.1}{El codigo fuente y paquetes que componene el proyecto}{chapter.3}% 38
\BOOKMARK [1][-]{section.3.2}{Las librer\355as utilizadas}{chapter.3}% 39
\BOOKMARK [1][-]{section.3.3}{El QR}{chapter.3}% 40
\BOOKMARK [1][-]{section.3.4}{El uso de la c\341mara \363ptica}{chapter.3}% 41
\BOOKMARK [1][-]{section.3.5}{La BD SQLite}{chapter.3}% 42
\BOOKMARK [1][-]{section.3.6}{El LTM}{chapter.3}% 43
\BOOKMARK [1][-]{section.3.7}{La tecnolog\355a NFC}{chapter.3}% 44
\BOOKMARK [1][-]{section.3.8}{Los gr\341ficos estad\355sticos}{chapter.3}% 45
\BOOKMARK [0][-]{chapter.4}{El Sistema Integral de Gesti\363n \(SIG\)}{part.4}% 46
\BOOKMARK [1][-]{section.4.1}{Descripci\363n de los archivos que componen el proyecto en Eclipse}{chapter.4}% 47
\BOOKMARK [1][-]{section.4.2}{Librerias utilizadas para el SIG}{chapter.4}% 48
\BOOKMARK [0][-]{chapter.5}{La User Interface \(Interfaz de Usuario\) \(UI\)}{part.4}% 49
\BOOKMARK [1][-]{section.5.1}{Acceso a a la aplicaci\363n \(login\)}{chapter.5}% 50
\BOOKMARK [1][-]{section.5.2}{Menu principal}{chapter.5}% 51
\BOOKMARK [1][-]{section.5.3}{Abrir caja}{chapter.5}% 52
\BOOKMARK [1][-]{section.5.4}{Agregar venta}{chapter.5}% 53
\BOOKMARK [2][-]{subsection.5.4.1}{Ingreso de datos de los productos a vender}{section.5.4}% 54
\BOOKMARK [2][-]{subsection.5.4.2}{Ingreso de pagos, cliente y vendedor}{section.5.4}% 55
\BOOKMARK [2][-]{subsection.5.4.3}{Ingreso de datos de tarjeta de cr\351dito}{section.5.4}% 56
\BOOKMARK [2][-]{subsection.5.4.4}{Firma digital}{section.5.4}% 57
\BOOKMARK [2][-]{subsection.5.4.5}{Realizaci\363n de pago mediante la API de MercadoPago}{section.5.4}% 58
\BOOKMARK [2][-]{subsection.5.4.6}{Lectura y escritura de datos mediante dispositivo NFC}{section.5.4}% 59
\BOOKMARK [2][-]{subsection.5.4.7}{Generaci\363n de ticket}{section.5.4}% 60
\BOOKMARK [2][-]{subsection.5.4.8}{Marketing a trav\351s de la red social Twitter}{section.5.4}% 61
\BOOKMARK [1][-]{section.5.5}{Listado de clientes}{chapter.5}% 62
\BOOKMARK [1][-]{section.5.6}{Opciones}{chapter.5}% 63
\BOOKMARK [1][-]{section.5.7}{Administraci\363n de stocks}{chapter.5}% 64
\BOOKMARK [1][-]{section.5.8}{Estad\355sticas}{chapter.5}% 65
\BOOKMARK [1][-]{section.5.9}{Cierre de caja}{chapter.5}% 66
\BOOKMARK [0][-]{chapter.6}{Testing Unitario y Funcional de la aplicaci\363n}{part.4}% 67
\BOOKMARK [1][-]{section.6.1}{Testing Unitario en Android}{chapter.6}% 68
\BOOKMARK [1][-]{section.6.2}{Testing Funcional}{chapter.6}% 69
\BOOKMARK [-1][-]{part.5}{Conclusi\363n}{}% 70
\BOOKMARK [-1][-]{part.6}{Ap\351ndice}{}% 71
\BOOKMARK [0][-]{appendix.Alph1}{Siglas y acr\363nimos}{part.6}% 72
\BOOKMARK [0][-]{appendix.Alph2}{Glosario}{part.6}% 73
