This is pdfTeX, Version 3.1415926-2.4-1.40.13 (TeX Live 2012) (format=pdflatex 2012.6.30)  17 DEC 2012 02:52
entering extended mode
 restricted \write18 enabled.
 %&-line parsing enabled.
**Servidor-SMS.tex
(./Servidor-SMS.tex
LaTeX2e <2011/06/27>
Babel <v3.8m> and hyphenation patterns for english, dumylang, nohyphenation, ge
rman-x-2012-05-30, ngerman-x-2012-05-30, afrikaans, ancientgreek, ibycus, arabi
c, armenian, basque, bulgarian, catalan, pinyin, coptic, croatian, czech, danis
h, dutch, ukenglish, usenglishmax, esperanto, estonian, ethiopic, farsi, finnis
h, french, friulan, galician, german, ngerman, swissgerman, monogreek, greek, h
ungarian, icelandic, assamese, bengali, gujarati, hindi, kannada, malayalam, ma
rathi, oriya, panjabi, tamil, telugu, indonesian, interlingua, irish, italian, 
kurmanji, latin, latvian, lithuanian, mongolian, mongolianlmc, bokmal, nynorsk,
 polish, portuguese, romanian, romansh, russian, sanskrit, serbian, serbianc, s
lovak, slovenian, spanish, swedish, turkish, turkmen, ukrainian, uppersorbian, 
welsh, loaded.
(./ubpthesisb.cls
Document Class: ubpthesisb 2005/11/21 UBP thesis class by Sergio Schvezov (v0.1
beta)
(/usr/local/texlive/2012/texmf-dist/tex/latex/base/book.cls
Document Class: book 2007/10/19 v1.4h Standard LaTeX document class
(/usr/local/texlive/2012/texmf-dist/tex/latex/base/bk11.clo
File: bk11.clo 2007/10/19 v1.4h Standard LaTeX file (size option)
)
\c@part=\count79
\c@chapter=\count80
\c@section=\count81
\c@subsection=\count82
\c@subsubsection=\count83
\c@paragraph=\count84
\c@subparagraph=\count85
\c@figure=\count86
\c@table=\count87
\abovecaptionskip=\skip41
\belowcaptionskip=\skip42
\bibindent=\dimen102
)
(/usr/local/texlive/2012/texmf-dist/tex/latex/fancyhdr/fancyhdr.sty
\fancy@headwidth=\skip43
\f@ncyO@elh=\skip44
\f@ncyO@erh=\skip45
\f@ncyO@olh=\skip46
\f@ncyO@orh=\skip47
\f@ncyO@elf=\skip48
\f@ncyO@erf=\skip49
\f@ncyO@olf=\skip50
\f@ncyO@orf=\skip51
)
(/usr/local/texlive/2012/texmf-dist/tex/latex/cite/cite.sty
LaTeX Info: Redefining \cite on input line 302.
LaTeX Info: Redefining \nocite on input line 373.
Package: cite 2010/09/10  v 5.3
) (./apalike.sty
\bibhang=\skip52
)
(/usr/local/texlive/2012/texmf-dist/tex/latex/graphics/graphicx.sty
Package: graphicx 1999/02/16 v1.0f Enhanced LaTeX Graphics (DPC,SPQR)

(/usr/local/texlive/2012/texmf-dist/tex/latex/graphics/keyval.sty
Package: keyval 1999/03/16 v1.13 key=value parser (DPC)
\KV@toks@=\toks14
)
(/usr/local/texlive/2012/texmf-dist/tex/latex/graphics/graphics.sty
Package: graphics 2009/02/05 v1.0o Standard LaTeX Graphics (DPC,SPQR)

(/usr/local/texlive/2012/texmf-dist/tex/latex/graphics/trig.sty
Package: trig 1999/03/16 v1.09 sin cos tan (DPC)
)
(/usr/local/texlive/2012/texmf-dist/tex/latex/latexconfig/graphics.cfg
File: graphics.cfg 2010/04/23 v1.9 graphics configuration of TeX Live
)
Package graphics Info: Driver file: pdftex.def on input line 91.

(/usr/local/texlive/2012/texmf-dist/tex/latex/pdftex-def/pdftex.def
File: pdftex.def 2011/05/27 v0.06d Graphics/color for pdfTeX

(/usr/local/texlive/2012/texmf-dist/tex/generic/oberdiek/infwarerr.sty
Package: infwarerr 2010/04/08 v1.3 Providing info/warning/error messages (HO)
)
(/usr/local/texlive/2012/texmf-dist/tex/generic/oberdiek/ltxcmds.sty
Package: ltxcmds 2011/11/09 v1.22 LaTeX kernel commands for general use (HO)
)
\Gread@gobject=\count88
))
\Gin@req@height=\dimen103
\Gin@req@width=\dimen104
)
(/usr/local/texlive/2012/texmf-dist/tex/latex/amsmath/amsmath.sty
Package: amsmath 2000/07/18 v2.13 AMS math features
\@mathmargin=\skip53

For additional information on amsmath, use the `?' option.
(/usr/local/texlive/2012/texmf-dist/tex/latex/amsmath/amstext.sty
Package: amstext 2000/06/29 v2.01

(/usr/local/texlive/2012/texmf-dist/tex/latex/amsmath/amsgen.sty
File: amsgen.sty 1999/11/30 v2.0
\@emptytoks=\toks15
\ex@=\dimen105
))
(/usr/local/texlive/2012/texmf-dist/tex/latex/amsmath/amsbsy.sty
Package: amsbsy 1999/11/29 v1.2d
\pmbraise@=\dimen106
)
(/usr/local/texlive/2012/texmf-dist/tex/latex/amsmath/amsopn.sty
Package: amsopn 1999/12/14 v2.01 operator names
)
\inf@bad=\count89
LaTeX Info: Redefining \frac on input line 211.
\uproot@=\count90
\leftroot@=\count91
LaTeX Info: Redefining \overline on input line 307.
\classnum@=\count92
\DOTSCASE@=\count93
LaTeX Info: Redefining \ldots on input line 379.
LaTeX Info: Redefining \dots on input line 382.
LaTeX Info: Redefining \cdots on input line 467.
\Mathstrutbox@=\box26
\strutbox@=\box27
\big@size=\dimen107
LaTeX Font Info:    Redeclaring font encoding OML on input line 567.
LaTeX Font Info:    Redeclaring font encoding OMS on input line 568.
\macc@depth=\count94
\c@MaxMatrixCols=\count95
\dotsspace@=\muskip10
\c@parentequation=\count96
\dspbrk@lvl=\count97
\tag@help=\toks16
\row@=\count98
\column@=\count99
\maxfields@=\count100
\andhelp@=\toks17
\eqnshift@=\dimen108
\alignsep@=\dimen109
\tagshift@=\dimen110
\tagwidth@=\dimen111
\totwidth@=\dimen112
\lineht@=\dimen113
\@envbody=\toks18
\multlinegap=\skip54
\multlinetaggap=\skip55
\mathdisplay@stack=\toks19
LaTeX Info: Redefining \[ on input line 2666.
LaTeX Info: Redefining \] on input line 2667.
))
(/usr/local/texlive/2012/texmf-dist/tex/generic/babel/babel.sty
Package: babel 2008/07/08 v3.8m The Babel package

(/usr/local/texlive/2012/texmf-dist/tex/generic/babel/spanish.ldf
Language: spanish.ldf 2011/10/06 v5.0k Spanish support from the babel system

(/usr/local/texlive/2012/texmf-dist/tex/generic/babel/babel.def
File: babel.def 2008/07/08 v3.8m Babel common definitions
\babel@savecnt=\count101
\U@D=\dimen114
)
\es@datefmt=\count102
\es@quottoks=\toks20
\es@quotdepth=\count103
Package babel Info: Making " an active character on input line 496.
Package babel Info: Making . an active character on input line 599.
Package babel Info: Making < an active character on input line 644.
Package babel Info: Making > an active character on input line 644.
))
(/usr/local/texlive/2012/texmf-dist/tex/latex/base/fontenc.sty
Package: fontenc 2005/09/27 v1.99g Standard LaTeX package

(/usr/local/texlive/2012/texmf-dist/tex/latex/base/t1enc.def
File: t1enc.def 2005/09/27 v1.99g Standard LaTeX file
LaTeX Font Info:    Redeclaring font encoding T1 on input line 43.
))
(/usr/local/texlive/2012/texmf-dist/tex/latex/acronym/acronym.sty
Package: acronym 2010/09/08 v1.36 Support for acronyms (Tobias Oetiker)

(/usr/local/texlive/2012/texmf-dist/tex/latex/bigfoot/suffix.sty
Package: suffix 2006/07/15 1.5 Variant command support
)
\AC@clearlist=\toks21
)
(/usr/local/texlive/2012/texmf-dist/tex/latex/psnfss/times.sty
Package: times 2005/04/12 PSNFSS-v9.2a (SPQR) 
)
(/usr/local/texlive/2012/texmf-dist/tex/generic/oberdiek/ifpdf.sty
Package: ifpdf 2011/01/30 v2.3 Provides the ifpdf switch (HO)
Package ifpdf Info: pdfTeX in PDF mode is detected.
)
(/usr/local/texlive/2012/texmf-dist/tex/latex/graphics/color.sty
Package: color 2005/11/14 v1.0j Standard LaTeX Color (DPC)

(/usr/local/texlive/2012/texmf-dist/tex/latex/latexconfig/color.cfg
File: color.cfg 2007/01/18 v1.5 color configuration of teTeX/TeXLive
)
Package color Info: Driver file: pdftex.def on input line 130.
)
(/usr/local/texlive/2012/texmf-dist/tex/latex/tools/verbatim.sty
Package: verbatim 2003/08/22 v1.5q LaTeX2e package for verbatim enhancements
\every@verbatim=\toks22
\verbatim@line=\toks23
\verbatim@in@stream=\read1
)
(./setspace.sty
Package: setspace 2000/12/01 6.7 Contributed and Supported LaTeX2e package

Package: `setspace' 6.7 <2000/12/01>
) (/usr/local/texlive/2012/texmf-dist/tex/latex/hyperref/hyperref.sty
Package: hyperref 2012/05/13 v6.82q Hypertext links for LaTeX

(/usr/local/texlive/2012/texmf-dist/tex/generic/oberdiek/hobsub-hyperref.sty
Package: hobsub-hyperref 2012/05/28 v1.13 Bundle oberdiek, subset hyperref (HO)


(/usr/local/texlive/2012/texmf-dist/tex/generic/oberdiek/hobsub-generic.sty
Package: hobsub-generic 2012/05/28 v1.13 Bundle oberdiek, subset generic (HO)
Package: hobsub 2012/05/28 v1.13 Construct package bundles (HO)
Package hobsub Info: Skipping package `infwarerr' (already loaded).
Package hobsub Info: Skipping package `ltxcmds' (already loaded).
Package: ifluatex 2010/03/01 v1.3 Provides the ifluatex switch (HO)
Package ifluatex Info: LuaTeX not detected.
Package: ifvtex 2010/03/01 v1.5 Detect VTeX and its facilities (HO)
Package ifvtex Info: VTeX not detected.
Package: intcalc 2007/09/27 v1.1 Expandable calculations with integers (HO)
Package hobsub Info: Skipping package `ifpdf' (already loaded).
Package: etexcmds 2011/02/16 v1.5 Avoid name clashes with e-TeX commands (HO)
Package etexcmds Info: Could not find \expanded.
(etexcmds)             That can mean that you are not using pdfTeX 1.50 or
(etexcmds)             that some package has redefined \expanded.
(etexcmds)             In the latter case, load this package earlier.
Package: kvsetkeys 2012/04/25 v1.16 Key value parser (HO)
Package: kvdefinekeys 2011/04/07 v1.3 Define keys (HO)
Package: pdftexcmds 2011/11/29 v0.20 Utility functions of pdfTeX for LuaTeX (HO
)
Package pdftexcmds Info: LuaTeX not detected.
Package pdftexcmds Info: \pdf@primitive is available.
Package pdftexcmds Info: \pdf@ifprimitive is available.
Package pdftexcmds Info: \pdfdraftmode found.
Package: pdfescape 2011/11/25 v1.13 Implements pdfTeX's escape features (HO)
Package: bigintcalc 2012/04/08 v1.3 Expandable calculations on big integers (HO
)
Package: bitset 2011/01/30 v1.1 Handle bit-vector datatype (HO)
Package: uniquecounter 2011/01/30 v1.2 Provide unlimited unique counter (HO)
)
Package hobsub Info: Skipping package `hobsub' (already loaded).
Package: letltxmacro 2010/09/02 v1.4 Let assignment for LaTeX macros (HO)
Package: hopatch 2012/05/28 v1.2 Wrapper for package hooks (HO)
Package: xcolor-patch 2011/01/30 xcolor patch
Package: atveryend 2011/06/30 v1.8 Hooks at the very end of document (HO)
Package atveryend Info: \enddocument detected (standard20110627).
Package: atbegshi 2011/10/05 v1.16 At begin shipout hook (HO)
Package: refcount 2011/10/16 v3.4 Data extraction from label references (HO)
Package: hycolor 2011/01/30 v1.7 Color options for hyperref/bookmark (HO)
)
(/usr/local/texlive/2012/texmf-dist/tex/generic/ifxetex/ifxetex.sty
Package: ifxetex 2010/09/12 v0.6 Provides ifxetex conditional
)
(/usr/local/texlive/2012/texmf-dist/tex/latex/oberdiek/kvoptions.sty
Package: kvoptions 2011/06/30 v3.11 Key value format for package options (HO)
)
\@linkdim=\dimen115
\Hy@linkcounter=\count104
\Hy@pagecounter=\count105

(/usr/local/texlive/2012/texmf-dist/tex/latex/hyperref/pd1enc.def
File: pd1enc.def 2012/05/13 v6.82q Hyperref: PDFDocEncoding definition (HO)
)
\Hy@SavedSpaceFactor=\count106

(/usr/local/texlive/2012/texmf-dist/tex/latex/latexconfig/hyperref.cfg
File: hyperref.cfg 2002/06/06 v1.2 hyperref configuration of TeXLive
)
Package hyperref Info: Option `bookmarks' set `true' on input line 3941.
Package hyperref Info: Option `colorlinks' set `true' on input line 3941.
Package hyperref Info: Hyper figures OFF on input line 4062.
Package hyperref Info: Link nesting OFF on input line 4067.
Package hyperref Info: Hyper index ON on input line 4070.
Package hyperref Info: Plain pages OFF on input line 4077.
Package hyperref Info: Backreferencing OFF on input line 4082.
Package hyperref Info: Implicit mode ON; LaTeX internals redefined.
Package hyperref Info: Bookmarks ON on input line 4300.
\c@Hy@tempcnt=\count107

(/usr/local/texlive/2012/texmf-dist/tex/latex/url/url.sty
\Urlmuskip=\muskip11
Package: url 2006/04/12  ver 3.3  Verb mode for urls, etc.
)
LaTeX Info: Redefining \url on input line 4653.
\Fld@menulength=\count108
\Field@Width=\dimen116
\Fld@charsize=\dimen117
Package hyperref Info: Hyper figures OFF on input line 5773.
Package hyperref Info: Link nesting OFF on input line 5778.
Package hyperref Info: Hyper index ON on input line 5781.
Package hyperref Info: backreferencing OFF on input line 5788.
Package hyperref Info: Link coloring ON on input line 5791.
Package hyperref Info: Link coloring with OCG OFF on input line 5798.
Package hyperref Info: PDF/A mode OFF on input line 5803.
LaTeX Info: Redefining \ref on input line 5843.
LaTeX Info: Redefining \pageref on input line 5847.
\Hy@abspage=\count109
\c@Item=\count110
\c@Hfootnote=\count111
)

Package hyperref Message: Driver (autodetected): hpdftex.

(/usr/local/texlive/2012/texmf-dist/tex/latex/hyperref/hpdftex.def
File: hpdftex.def 2012/05/13 v6.82q Hyperref driver for pdfTeX
\Fld@listcount=\count112
\c@bookmark@seq@number=\count113

(/usr/local/texlive/2012/texmf-dist/tex/latex/oberdiek/rerunfilecheck.sty
Package: rerunfilecheck 2011/04/15 v1.7 Rerun checks for auxiliary files (HO)
Package uniquecounter Info: New unique counter `rerunfilecheck' on input line 2
82.
)
\Hy@SectionHShift=\skip56
)
\@input{includes/hyphenation.aux}
\openout2 = `includes/hyphenation.aux'.

(./includes/hyphenation.tex)
\@input{includes/newcommand.aux}
\openout2 = `includes/newcommand.aux'.

(./includes/newcommand.tex) (./Servidor-SMS.aux
LaTeX Info: Redefining \. on input line 23.
LaTeX Info: Redefining \% on input line 23.


LaTeX Warning: Label `subsec:ui.addsale.nfc' multiply defined.

)
\openout1 = `Servidor-SMS.aux'.

LaTeX Font Info:    Checking defaults for OML/cmm/m/it on input line 49.
LaTeX Font Info:    ... okay on input line 49.
LaTeX Font Info:    Checking defaults for T1/cmr/m/n on input line 49.
LaTeX Font Info:    ... okay on input line 49.
LaTeX Font Info:    Checking defaults for OT1/cmr/m/n on input line 49.
LaTeX Font Info:    ... okay on input line 49.
LaTeX Font Info:    Checking defaults for OMS/cmsy/m/n on input line 49.
LaTeX Font Info:    ... okay on input line 49.
LaTeX Font Info:    Checking defaults for OMX/cmex/m/n on input line 49.
LaTeX Font Info:    ... okay on input line 49.
LaTeX Font Info:    Checking defaults for U/cmr/m/n on input line 49.
LaTeX Font Info:    ... okay on input line 49.
LaTeX Font Info:    Checking defaults for PD1/pdf/m/n on input line 49.
LaTeX Font Info:    ... okay on input line 49.
LaTeX Font Info:    Try loading font information for T1+ptm on input line 49.
 (/usr/local/texlive/2012/texmf-dist/tex/latex/psnfss/t1ptm.fd
File: t1ptm.fd 2001/06/04 font definitions for T1/ptm.
)
(/usr/local/texlive/2012/texmf-dist/tex/context/base/supp-pdf.mkii
[Loading MPS to PDF converter (version 2006.09.02).]
\scratchcounter=\count114
\scratchdimen=\dimen118
\scratchbox=\box28
\nofMPsegments=\count115
\nofMParguments=\count116
\everyMPshowfont=\toks24
\MPscratchCnt=\count117
\MPscratchDim=\dimen119
\MPnumerator=\count118
\makeMPintoPDFobject=\count119
\everyMPtoPDFconversion=\toks25
) (/usr/local/texlive/2012/texmf-dist/tex/latex/oberdiek/epstopdf-base.sty
Package: epstopdf-base 2010/02/09 v2.5 Base part for package epstopdf

(/usr/local/texlive/2012/texmf-dist/tex/latex/oberdiek/grfext.sty
Package: grfext 2010/08/19 v1.1 Manage graphics extensions (HO)
)
Package grfext Info: Graphics extension search list:
(grfext)             [.png,.pdf,.jpg,.mps,.jpeg,.jbig2,.jb2,.PNG,.PDF,.JPG,.JPE
G,.JBIG2,.JB2,.eps]
(grfext)             \AppendGraphicsExtensions on input line 452.

(/usr/local/texlive/2012/texmf-dist/tex/latex/latexconfig/epstopdf-sys.cfg
File: epstopdf-sys.cfg 2010/07/13 v1.3 Configuration of (r)epstopdf for TeX Liv
e
))
LaTeX Info: Redefining \. on input line 49.
LaTeX Info: Redefining \% on input line 49.
\AtBeginShipoutBox=\box29
Package hyperref Info: Link coloring ON on input line 49.

(/usr/local/texlive/2012/texmf-dist/tex/latex/hyperref/nameref.sty
Package: nameref 2010/04/30 v2.40 Cross-referencing by name of section

(/usr/local/texlive/2012/texmf-dist/tex/generic/oberdiek/gettitlestring.sty
Package: gettitlestring 2010/12/03 v1.4 Cleanup title references (HO)
)
\c@section@level=\count120
)
LaTeX Info: Redefining \ref on input line 49.
LaTeX Info: Redefining \pageref on input line 49.
LaTeX Info: Redefining \nameref on input line 49.

(./Servidor-SMS.out) (./Servidor-SMS.out)
\@outlinefile=\write3
\openout3 = `Servidor-SMS.out'.


<images/LogoUCA.pdf, id=297, 113.52612pt x 112.24635pt>
File: images/LogoUCA.pdf Graphic file (type pdf)

<use images/LogoUCA.pdf>
Package pdftex.def Info: images/LogoUCA.pdf used on input line 57.
(pdftex.def)             Requested size: 108.0011pt x 106.78584pt.
LaTeX Font Info:    Font shape `T1/ptm/bx/sc' in size <20.74> not available
(Font)              Font shape `T1/ptm/b/sc' tried instead on input line 57.
LaTeX Font Info:    Font shape `T1/ptm/bx/sc' in size <17.28> not available
(Font)              Font shape `T1/ptm/b/sc' tried instead on input line 57.
 [1






{/usr/local/texlive/2012/texmf-var/fonts/map/pdftex/updmap/pdftex.map} <./image
s/LogoUCA.pdf>]
LaTeX Font Info:    Font shape `T1/ptm/bx/n' in size <24.88> not available
(Font)              Font shape `T1/ptm/b/n' tried instead on input line 61.
 (./parts/Agradecimientos.tex)
LaTeX Font Info:    Font shape `T1/ptm/bx/n' in size <10.95> not available
(Font)              Font shape `T1/ptm/b/n' tried instead on input line 65.
LaTeX Font Info:    Font shape `T1/ptm/bx/sc' in size <10.95> not available
(Font)              Font shape `T1/ptm/b/sc' tried instead on input line 65.


Package Fancyhdr Warning: \headheight is too small (12.0pt): 
 Make it at least 13.59999pt.
 We now make it that large for the rest of the document.
 This may cause the page layout to be inconsistent, however.

[1


] (./parts/Dedicatoria.tex) [2

] (./parts/Resumen.tex
Package acronym Info: Label `acro:TFE' newly defined as it shall be overridden
although it is yet undefined on input line 12.
Package acronym Info: Label `acro:TPV' newly defined as it shall be overridden
although it is yet undefined on input line 12.
Package acronym Info: Label `acro:DPT' newly defined as it shall be overridden
although it is yet undefined on input line 16.
Package acronym Info: Label `acro:DTC' newly defined as it shall be overridden
although it is yet undefined on input line 16.
Package acronym Info: Label `acro:TID' newly defined as it shall be overridden
although it is yet undefined on input line 16.
Package acronym Info: Label `acro:SIG' newly defined as it shall be overridden
although it is yet undefined on input line 16.
Package acronym Info: Label `acro:LTM' newly defined as it shall be overridden
although it is yet undefined on input line 18.
Package acronym Info: Label `acro:NFC' newly defined as it shall be overridden
although it is yet undefined on input line 20.
Package acronym Info: Label `acro:APIs' newly defined as it shall be overridden

although it is yet undefined on input line 22.
) [3

] (./Servidor-SMS.toc
LaTeX Info: Redefining \. on input line 1.
LaTeX Info: Redefining \% on input line 1.
LaTeX Font Info:    Font shape `T1/ptm/bx/n' in size <12> not available
(Font)              Font shape `T1/ptm/b/n' tried instead on input line 2.
LaTeX Font Info:    Font shape `T1/ptm/bx/n' in size <14.4> not available
(Font)              Font shape `T1/ptm/b/n' tried instead on input line 2.
Package acronym Info: Label `acro:OS' newly defined as it shall be overridden
although it is yet undefined on input line 6.
Package acronym Info: Label `acro:DVM' newly defined as it shall be overridden
although it is yet undefined on input line 16.
Package acronym Info: Label `acro:UI' newly defined as it shall be overridden
although it is yet undefined on input line 25.
[4

]
Package acronym Info: Label `acro:DDMS' newly defined as it shall be overridden

although it is yet undefined on input line 39.
Package acronym Info: Label `acro:QR' newly defined as it shall be overridden
although it is yet undefined on input line 44.
Package acronym Info: Label `acro:BD' newly defined as it shall be overridden
although it is yet undefined on input line 46.
Package acronym Info: Label `acro:API' newly defined as it shall be overridden
although it is yet undefined on input line 62.

Overfull \hbox (0.3505pt too wide) in paragraph at lines 62--62
 [][] [][][]\T1/ptm/m/n/10.95 Realización de pa-go me-dian-te la [][][]Applicat
ion Pro-gram-ming 
 []


Overfull \hbox (1.28127pt too wide) in paragraph at lines 62--62
 \T1/ptm/m/n/10.95 In-ter-fa-ce (In-ter-faz de Pro-gra-ma-ción de Apli-ca-cio-n
es) ([])[] 
 []

LaTeX Info: Redefining \. on input line 69.
LaTeX Info: Redefining \% on input line 69.

Package Fancyhdr Warning: \headheight is too small (13.59999pt): 
 Make it at least 14.3401pt.
 We now make it that large for the rest of the document.
 This may cause the page layout to be inconsistent, however.

[5])
\tf@toc=\write4
\openout4 = `Servidor-SMS.toc'.

LaTeX Info: Redefining \. on input line 78.
LaTeX Info: Redefining \% on input line 78.
 [6] (./Servidor-SMS.lof
LaTeX Info: Redefining \. on input line 1.
LaTeX Info: Redefining \% on input line 1.
 [7

])
\tf@lof=\write5
\openout5 = `Servidor-SMS.lof'.

LaTeX Info: Redefining \. on input line 79.
LaTeX Info: Redefining \% on input line 79.
 [8] (./Servidor-SMS.lot
LaTeX Info: Redefining \. on input line 1.
LaTeX Info: Redefining \% on input line 1.
)
\tf@lot=\write6
\openout6 = `Servidor-SMS.lot'.

 [9

]
(./parts/Introduccion.tex
<images/AppleStore.jpg, id=597, 312.41719pt x 263.48438pt>
File: images/AppleStore.jpg Graphic file (type jpg)

<use images/AppleStore.jpg>
Package pdftex.def Info: images/AppleStore.jpg used on input line 8.
(pdftex.def)             Requested size: 312.41641pt x 263.48372pt.
pdfTeX warning (ext4): destination with the same identifier (name{page.1}) has 
been already used, duplicate ignored
<to be read again> 
                   \relax 
l.13 
      [1


 <./images/AppleStore.jpg>]
<images/AppleCheckoutDevice.png, id=601, 610.28pt x 415.5525pt>
File: images/AppleCheckoutDevice.png Graphic file (type png)

<use images/AppleCheckoutDevice.png>
Package pdftex.def Info: images/AppleCheckoutDevice.png used on input line 16.
(pdftex.def)             Requested size: 360.0pt x 245.14214pt.
Package acronym Info: Label `acro:TFE' overridden on input line 20.
) [2 <./images/AppleCheckoutDevice.png>]
(./parts/Objetivos.tex) [3

] (./parts/Metodologia.tex
Package acronym Info: Label `acro:SDK' newly defined as it shall be overridden
although it is yet undefined on input line 2.
Package acronym Info: Label `acro:SIG' overridden on input line 2.
Package acronym Info: Label `acro:TPV' overridden on input line 11.
Package acronym Info: Label `acro:DPT' overridden on input line 11.
LaTeX Font Info:    Font shape `T1/ptm/bx/it' in size <10.95> not available
(Font)              Font shape `T1/ptm/b/it' tried instead on input line 11.
Package acronym Info: Label `acro:LTM' overridden on input line 17.
Package acronym Info: Label `acro:NFC' overridden on input line 18.
 [4

]
Package acronym Info: Label `acro:TID' overridden on input line 22.
Package acronym Info: Label `acro:DTC' overridden on input line 22.
Package acronym Info: Label `acro:SMD' newly defined as it shall be overridden
although it is yet undefined on input line 24.
LaTeX Font Info:    Font shape `T1/ptm/bx/n' in size <8> not available
(Font)              Font shape `T1/ptm/b/n' tried instead on input line 30.
LaTeX Font Info:    Font shape `T1/ptm/bx/n' in size <6> not available
(Font)              Font shape `T1/ptm/b/n' tried instead on input line 30.
Package acronym Info: Label `acro:UI' overridden on input line 31.
Package acronym Info: Label `acro:QR' overridden on input line 31.
 [5]
Package acronym Info: Label `acro:API' overridden on input line 40.
) [6]
(./parts/AndroidOS.tex [7

]
Cap\'{\i }tulo 1.
Package acronym Info: Label `acro:OS' overridden on input line 1.
Package acronym Info: Label `acro:TFE' overridden on input line 3.
[8

]
Package acronym Info: Label `acro:API' overridden on input line 16.


LaTeX Warning: Citation `wiki.android' on page 9 undefined on input line 16.


<images/250px-Android_41_on_the_Galaxy_Nexus.jpeg, id=715, 250.9375pt x 445.665
pt>
File: images/250px-Android_41_on_the_Galaxy_Nexus.jpeg Graphic file (type jpg)
 <use images/250px-Android_41_on_the_Galaxy_Nexus.jpeg>
Package pdftex.def Info: images/250px-Android_41_on_the_Galaxy_Nexus.jpeg used 
on input line 18.
(pdftex.def)             Requested size: 250.93687pt x 445.66391pt.


LaTeX Warning: `!h' float specifier changed to `!ht'.


LaTeX Warning: Citation `and.dev.versions' on page 9 undefined on input line 25
.

<images/versions.png, id=716, 726.715pt x 142.5325pt>
File: images/versions.png Graphic file (type png)

<use images/versions.png>
Package pdftex.def Info: images/versions.png used on input line 46.
(pdftex.def)             Requested size: 360.0pt x 70.60925pt.
LaTeX Info: Redefining \. on input line 46.
LaTeX Info: Redefining \% on input line 46.
 [9]

LaTeX Warning: `!h' float specifier changed to `!ht'.

<images/android_versions_chart.png, id=724, 461.725pt x 245.91875pt>
File: images/android_versions_chart.png Graphic file (type png)

<use images/android_versions_chart.png>
Package pdftex.def Info: images/android_versions_chart.png used on input line 4
8.
(pdftex.def)             Requested size: 360.0pt x 191.74078pt.
Package acronym Info: Label `acro:DPT' overridden on input line 50.
Package acronym Info: Label `acro:TPV' overridden on input line 50.
Package acronym Info: Label `acro:JB' newly defined as it shall be overridden
although it is yet undefined on input line 50.
Package acronym Info: Label `acro:DTC' overridden on input line 50.
Package acronym Info: Label `acro:ICS' newly defined as it shall be overridden
although it is yet undefined on input line 50.

<images/growth-chart.png, id=733, 761.84625pt x 447.6725pt>
File: images/growth-chart.png Graphic file (type png)

<use images/growth-chart.png>
Package pdftex.def Info: images/growth-chart.png used on input line 52.
(pdftex.def)             Requested size: 360.0pt x 211.54002pt.


LaTeX Warning: `!h' float specifier changed to `!ht'.

LaTeX Info: Redefining \. on input line 58.
LaTeX Info: Redefining \% on input line 58.
[10 <./images/250px-Android_41_on_the_Galaxy_Nexus.jpeg>]
Package acronym Info: Label `acro:UI' overridden on input line 60.
LaTeX Info: Redefining \. on input line 63.
LaTeX Info: Redefining \% on input line 63.
 [11 <./images/versions.png> <./images/android_versions_chart.png>]

LaTeX Warning: Citation `and.dev.sdk' on page 12 undefined on input line 65.

Package acronym Info: Label `acro:SDK' overridden on input line 70.
Package acronym Info: Label `acro:SDKT' newly defined as it shall be overridden

although it is yet undefined on input line 70.
Package acronym Info: Label `acro:PT' newly defined as it shall be overridden
although it is yet undefined on input line 70.
Package acronym Info: Label `acro:SDKSP' newly defined as it shall be overridde
n
although it is yet undefined on input line 72.
Package acronym Info: Label `acro:ASM' newly defined as it shall be overridden
although it is yet undefined on input line 72.
Package acronym Info: Label `acro:AVDM' newly defined as it shall be overridden

although it is yet undefined on input line 72.
Package acronym Info: Label `acro:DDMS' overridden on input line 72.
LaTeX Info: Redefining \. on input line 73.
LaTeX Info: Redefining \% on input line 73.
[12 <./images/growth-chart.png>]
Package acronym Info: Label `acro:IDE' newly defined as it shall be overridden
although it is yet undefined on input line 76.
Package acronym Info: Label `acro:ADT' newly defined as it shall be overridden
although it is yet undefined on input line 76.


LaTeX Warning: Citation `wiki.sdk' on page 13 undefined on input line 76.

Package acronym Info: Label `acro:AVD' newly defined as it shall be overridden
although it is yet undefined on input line 84.
Package acronym Info: Label `acro:SD' newly defined as it shall be overridden
although it is yet undefined on input line 87.
LaTeX Info: Redefining \. on input line 88.
LaTeX Info: Redefining \% on input line 88.
[13]
Package acronym Info: Label `acro:ADB' newly defined as it shall be overridden
although it is yet undefined on input line 89.


LaTeX Warning: Citation `and.dev.adt' on page 14 undefined on input line 99.


LaTeX Warning: Citation `and.dev.emulator' on page 14 undefined on input line 1
04.

LaTeX Info: Redefining \. on input line 118.
LaTeX Info: Redefining \% on input line 118.
[14]

LaTeX Warning: Citation `and.dev.avd' on page 15 undefined on input line 121.

) (./parts/AndroidDev.tex
LaTeX Info: Redefining \. on input line 1.
LaTeX Info: Redefining \% on input line 1.
Package acronym Info: Label `acro:OS' overridden on input line 1.
 [15]
Cap\'{\i }tulo 2.
Package acronym Info: Label `acro:DVM' overridden on input line 6.
Package acronym Info: Label `acro:SDK' overridden on input line 13.

LaTeX Warning: Citation `wiki.dvm' on page 16 undefined on input line 15.

<images/Android-system-architecture.jpg, id=849, 725.75366pt x 521.15831pt>
File: images/Android-system-architecture.jpg Graphic file (type jpg)

<use images/Android-system-architecture.jpg>
Package pdftex.def Info: images/Android-system-architecture.jpg used on input l
ine 22.
(pdftex.def)             Requested size: 360.0pt x 258.51094pt.


LaTeX Warning: `!h' float specifier changed to `!ht'.

[16

]
Package acronym Info: Label `acro:IPC' newly defined as it shall be overridden
although it is yet undefined on input line 30.
LaTeX Info: Redefining \. on input line 59.
LaTeX Info: Redefining \% on input line 59.
 [17 <./images/Android-system-architecture.jpg>]
<images/diagram_backstack.png, id=864, 619.31375pt x 195.73125pt>
File: images/diagram_backstack.png Graphic file (type png)

<use images/diagram_backstack.png>
Package pdftex.def Info: images/diagram_backstack.png used on input line 98.
(pdftex.def)             Requested size: 360.0pt x 113.78104pt.
LaTeX Info: Redefining \. on input line 105.
LaTeX Info: Redefining \% on input line 105.
 [18 <./images/diagram_backstack.png>]
Package acronym Info: Label `acro:UI' overridden on input line 118.
LaTeX Info: Redefining \. on input line 172.
LaTeX Info: Redefining \% on input line 172.

[19]
LaTeX Info: Redefining \. on input line 224.
LaTeX Info: Redefining \% on input line 224.
 [20]
Package acronym Info: Label `acro:JIT' newly defined as it shall be overridden
although it is yet undefined on input line 249.
LaTeX Info: Redefining \. on input line 250.
LaTeX Info: Redefining \% on input line 250.
 [21]
LaTeX Info: Redefining \. on input line 276.
LaTeX Info: Redefining \% on input line 276.
 [22]
Package acronym Info: Label `acro:DDMS' overridden on input line 278.
) (./parts/TPV.tex
LaTeX Info: Redefining \. on input line 1.
LaTeX Info: Redefining \% on input line 1.
 [23]
Cap\'{\i }tulo 3.
Package acronym Info: Label `acro:TPV' overridden on input line 1.
<images/MiPos_Sources.png, id=912, 254.9525pt x 666.49pt>
File: images/MiPos_Sources.png Graphic file (type png)

<use images/MiPos_Sources.png>
Package pdftex.def Info: images/MiPos_Sources.png used on input line 11.
(pdftex.def)             Requested size: 198.0011pt x 517.63292pt.

<images/MiPos_Libraries.png, id=913, 268.00125pt x 205.76875pt>
File: images/MiPos_Libraries.png Graphic file (type png)

<use images/MiPos_Libraries.png>
Package pdftex.def Info: images/MiPos_Libraries.png used on input line 18.
(pdftex.def)             Requested size: 268.00058pt x 205.76823pt.


LaTeX Warning: `!h' float specifier changed to `!ht'.

Package acronym Info: Label `acro:QR' overridden on input line 20.
[24

]
LaTeX Info: Redefining \. on input line 31.
LaTeX Info: Redefining \% on input line 31.
 [25 <./images/MiPos_Sources.png>]
Package acronym Info: Label `acro:BD' overridden on input line 44.
LaTeX Info: Redefining \. on input line 52.
LaTeX Info: Redefining \% on input line 52.
 [26 <./images/MiPos_Libraries.png>]
Package acronym Info: Label `acro:LTM' overridden on input line 61.

<images/SquareReader.jpeg, id=935, 602.25pt x 602.25pt>
File: images/SquareReader.jpeg Graphic file (type jpg)

<use images/SquareReader.jpeg>
Package pdftex.def Info: images/SquareReader.jpeg used on input line 68.
(pdftex.def)             Requested size: 216.0022pt x 216.00114pt.


LaTeX Warning: `!h' float specifier changed to `!ht'.

Package acronym Info: Label `acro:NFC' overridden on input line 70.
<images/nfc-tag.jpg, id=938, 70.8246pt x 69.1383pt>
File: images/nfc-tag.jpg Graphic file (type jpg)
 <use images/nfc-tag.jpg>
Package pdftex.def Info: images/nfc-tag.jpg used on input line 73.
(pdftex.def)             Requested size: 70.8244pt x 69.13812pt.
LaTeX Info: Redefining \. on input line 94.
LaTeX Info: Redefining \% on input line 94.

[27]) (./parts/SMD.tex
LaTeX Info: Redefining \. on input line 1.
LaTeX Info: Redefining \% on input line 1.
Package acronym Info: Label `acro:TPV' overridden on input line 1.
 [28 <./images/SquareReader.jpeg> <./images/nfc-tag.jpg>]
Cap\'{\i }tulo 4.
Package acronym Info: Label `acro:SIG' overridden on input line 1.
<images/Server_Sources.png, id=956, 314.17375pt x 547.04375pt>
File: images/Server_Sources.png Graphic file (type png)

<use images/Server_Sources.png>
Package pdftex.def Info: images/Server_Sources.png used on input line 11.
(pdftex.def)             Requested size: 314.17297pt x 547.0424pt.

<images/Server_Libraries.png, id=959, 284.06125pt x 342.27875pt>
File: images/Server_Libraries.png Graphic file (type png)

<use images/Server_Libraries.png>
Package pdftex.def Info: images/Server_Libraries.png used on input line 18.
(pdftex.def)             Requested size: 284.06053pt x 342.2779pt.


LaTeX Warning: `!h' float specifier changed to `!ht'.

) (./parts/UI.tex [29

]
LaTeX Info: Redefining \. on input line 1.
LaTeX Info: Redefining \% on input line 1.
Package acronym Info: Label `acro:SIG' overridden on input line 1.
 [30 <./images/Server_Sources.png>]
LaTeX Info: Redefining \. on input line 1.
LaTeX Info: Redefining \% on input line 1.
 [31 <./images/Server_Libraries.png>]
Cap\'{\i }tulo 5.
Package acronym Info: Label `acro:UI' overridden on input line 1.
<images/MapaUI(1).png, id=980, 508.14844pt x 703.87968pt>
File: images/MapaUI(1).png Graphic file (type png)

<use images/MapaUI(1).png>
Package pdftex.def Info: images/MapaUI(1).png used on input line 22.
(pdftex.def)             Requested size: 360.0pt x 498.68404pt.

<images/MapaUI(2).png, id=982, 504.38437pt x 572.89032pt>
File: images/MapaUI(2).png Graphic file (type png)

<use images/MapaUI(2).png>
Package pdftex.def Info: images/MapaUI(2).png used on input line 24.
(pdftex.def)             Requested size: 360.0pt x 408.89665pt.
 <images/login.png, id=985, 803.0pt x 1284.8pt>
File: images/login.png Graphic file (type png)

<use images/login.png>
Package pdftex.def Info: images/login.png used on input line 31.
(pdftex.def)             Requested size: 360.0pt x 576.01778pt.


LaTeX Warning: Float too large for page by 17.41753pt on input line 31.

<images/mainMenu.png, id=987, 803.0pt x 1284.8pt>
File: images/mainMenu.png Graphic file (type png)
 <use images/mainMenu.png>
Package pdftex.def Info: images/mainMenu.png used on input line 38.
(pdftex.def)             Requested size: 360.0pt x 576.01778pt.


LaTeX Warning: Float too large for page by 17.41753pt on input line 38.

[32

]
LaTeX Info: Redefining \. on input line 44.
LaTeX Info: Redefining \% on input line 44.
 [33 <./images/MapaUI(1).png (PNG copy)>]
LaTeX Info: Redefining \. on input line 44.
LaTeX Info: Redefining \% on input line 44.
 [34 <./images/MapaUI(2).png (PNG copy)>]
LaTeX Info: Redefining \. on input line 44.
LaTeX Info: Redefining \% on input line 44.
 [35 <./images/login.png>]
LaTeX Info: Redefining \. on input line 44.
LaTeX Info: Redefining \% on input line 44.
 [36 <./images/mainMenu.png>]
<images/openCash.png, id=1024, 803.0pt x 1284.8pt>
File: images/openCash.png Graphic file (type png)
 <use images/openCash.png>
Package pdftex.def Info: images/openCash.png used on input line 45.
(pdftex.def)             Requested size: 360.0pt x 576.01778pt.


LaTeX Warning: Float too large for page by 17.41753pt on input line 45.

Package acronym Info: Label `acro:API' overridden on input line 57.
Package acronym Info: Label `acro:NFC' overridden on input line 58.
<images/MapaUI(3).png, id=1027, 501.37312pt x 433.62pt>
File: images/MapaUI(3).png Graphic file (type png)

<use images/MapaUI(3).png>
Package pdftex.def Info: images/MapaUI(3).png used on input line 63.
(pdftex.def)             Requested size: 360.0pt x 311.36586pt.
 <images/addSale.png, id=1030, 803.0pt x 1284.8pt>
File: images/addSale.png Graphic file (type png)

<use images/addSale.png>
Package pdftex.def Info: images/addSale.png used on input line 72.
(pdftex.def)             Requested size: 360.0pt x 576.01778pt.


LaTeX Warning: Float too large for page by 17.41753pt on input line 72.

LaTeX Info: Redefining \. on input line 79.
LaTeX Info: Redefining \% on input line 79.
[37]
LaTeX Info: Redefining \. on input line 79.
LaTeX Info: Redefining \% on input line 79.
 [38 <./images/openCash.png>]
<images/addPayment.png, id=1051, 803.0pt x 1284.8pt>
File: images/addPayment.png Graphic file (type png)

<use images/addPayment.png>
Package pdftex.def Info: images/addPayment.png used on input line 87.
(pdftex.def)             Requested size: 360.0pt x 576.01778pt.


LaTeX Warning: Float too large for page by 17.41753pt on input line 87.

Package acronym Info: Label `acro:LTM' overridden on input line 92.
Package acronym Info: Label `acro:DPT' overridden on input line 92.
LaTeX Info: Redefining \. on input line 93.
LaTeX Info: Redefining \% on input line 93.
[39 <./images/MapaUI(3).png (PNG copy)>]
LaTeX Info: Redefining \. on input line 93.
LaTeX Info: Redefining \% on input line 93.
 [40 <./images/addSale.png>]
LaTeX Info: Redefining \. on input line 93.
LaTeX Info: Redefining \% on input line 93.
 [41 <./images/addPayment.png>]
Package acronym Info: Label `acro:DTC' overridden on input line 94.
Package acronym Info: Label `acro:TPV' overridden on input line 96.
Package acronym Info: Label `acro:TFE' overridden on input line 102.
 <images/creditCard.png, id=1080, 803.0pt x 1284.8pt>
File: images/creditCard.png Graphic file (type png)

<use images/creditCard.png>
Package pdftex.def Info: images/creditCard.png used on input line 104.
(pdftex.def)             Requested size: 360.0pt x 576.01778pt.


LaTeX Warning: Float too large for page by 17.41753pt on input line 104.

<images/signature.png, id=1082, 803.0pt x 1284.8pt>
File: images/signature.png Graphic file (type png)
 <use images/signature.png>
Package pdftex.def Info: images/signature.png used on input line 111.
(pdftex.def)             Requested size: 360.0pt x 576.01778pt.


LaTeX Warning: Float too large for page by 17.41753pt on input line 111.

Package acronym Info: Label `acro:SDK' overridden on input line 118.
LaTeX Info: Redefining \. on input line 119.
LaTeX Info: Redefining \% on input line 119.
[42]
LaTeX Info: Redefining \. on input line 119.
LaTeX Info: Redefining \% on input line 119.
 [43 <./images/creditCard.png>]
LaTeX Info: Redefining \. on input line 119.
LaTeX Info: Redefining \% on input line 119.
 [44 <./images/signature.png>]
<images/mercadoPago.png, id=1108, 803.0pt x 1284.8pt>
File: images/mercadoPago.png Graphic file (type png)

<use images/mercadoPago.png>
Package pdftex.def Info: images/mercadoPago.png used on input line 122.
(pdftex.def)             Requested size: 360.0pt x 576.01778pt.


LaTeX Warning: Float too large for page by 31.01753pt on input line 122.

<images/NFCReader.png, id=1115, 803.0pt x 1284.8pt>
File: images/NFCReader.png Graphic file (type png)
 <use images/NFCReader.png>
Package pdftex.def Info: images/NFCReader.png used on input line 133.
(pdftex.def)             Requested size: 360.0pt x 576.01778pt.


LaTeX Warning: Float too large for page by 31.01753pt on input line 133.

<images/NFCWriter.png, id=1118, 803.0pt x 1284.8pt>
File: images/NFCWriter.png Graphic file (type png)
 <use images/NFCWriter.png>
Package pdftex.def Info: images/NFCWriter.png used on input line 135.
(pdftex.def)             Requested size: 360.0pt x 576.01778pt.


LaTeX Warning: Float too large for page by 17.41753pt on input line 135.

<images/ticketGenerator.png, id=1124, 803.0pt x 1284.8pt>
File: images/ticketGenerator.png Graphic file (type png)

<use images/ticketGenerator.png>
Package pdftex.def Info: images/ticketGenerator.png used on input line 148.
(pdftex.def)             Requested size: 360.0pt x 576.01778pt.


LaTeX Warning: Float too large for page by 17.41753pt on input line 148.

LaTeX Info: Redefining \. on input line 148.
LaTeX Info: Redefining \% on input line 148.
[45]
LaTeX Info: Redefining \. on input line 148.
LaTeX Info: Redefining \% on input line 148.
 [46 <./images/mercadoPago.png>]
LaTeX Info: Redefining \. on input line 148.
LaTeX Info: Redefining \% on input line 148.
 [47 <./images/NFCReader.png>]
LaTeX Info: Redefining \. on input line 148.
LaTeX Info: Redefining \% on input line 148.
 [48 <./images/NFCWriter.png>] <images/ticketByMail.png, id=1146, 803.0pt x 128
4.8pt>
File: images/ticketByMail.png Graphic file (type png)

<use images/ticketByMail.png>
Package pdftex.def Info: images/ticketByMail.png used on input line 150.
(pdftex.def)             Requested size: 360.0pt x 576.01778pt.


LaTeX Warning: Float too large for page by 17.41753pt on input line 150.

<images/printedTicket.png, id=1147, 803.0pt x 1284.8pt>
File: images/printedTicket.png Graphic file (type png)

<use images/printedTicket.png>
Package pdftex.def Info: images/printedTicket.png used on input line 152.
(pdftex.def)             Requested size: 360.0pt x 576.01778pt.


LaTeX Warning: Float too large for page by 17.41753pt on input line 152.

<images/twitter.png, id=1150, 803.0pt x 1284.8pt>
File: images/twitter.png Graphic file (type png)
 <use images/twitter.png>
Package pdftex.def Info: images/twitter.png used on input line 159.
(pdftex.def)             Requested size: 360.0pt x 576.01778pt.


LaTeX Warning: Float too large for page by 31.01753pt on input line 159.

<images/clientHistory.png, id=1154, 803.0pt x 1284.8pt>
File: images/clientHistory.png Graphic file (type png)

<use images/clientHistory.png>
Package pdftex.def Info: images/clientHistory.png used on input line 166.
(pdftex.def)             Requested size: 360.0pt x 576.01778pt.


LaTeX Warning: Float too large for page by 17.41753pt on input line 166.

Package acronym Info: Label `acro:URL' newly defined as it shall be overridden
although it is yet undefined on input line 175.
<images/options.png, id=1161, 803.0pt x 1284.8pt>
File: images/options.png Graphic file (type png)
 <use images/options.png>
Package pdftex.def Info: images/options.png used on input line 183.
(pdftex.def)             Requested size: 360.0pt x 576.01778pt.


LaTeX Warning: Float too large for page by 17.41753pt on input line 183.

LaTeX Info: Redefining \. on input line 190.
LaTeX Info: Redefining \% on input line 190.
[49]
LaTeX Info: Redefining \. on input line 190.
LaTeX Info: Redefining \% on input line 190.
 [50 <./images/ticketGenerator.png>]
LaTeX Info: Redefining \. on input line 190.
LaTeX Info: Redefining \% on input line 190.
 [51 <./images/ticketByMail.png>]
LaTeX Info: Redefining \. on input line 190.
LaTeX Info: Redefining \% on input line 190.

[52 <./images/printedTicket.png>]
LaTeX Info: Redefining \. on input line 190.
LaTeX Info: Redefining \% on input line 190.
 [53 <./images/twitter.png>]
LaTeX Info: Redefining \. on input line 190.
LaTeX Info: Redefining \% on input line 190.
 [54 <./images/clientHistory.png>]
LaTeX Info: Redefining \. on input line 190.
LaTeX Info: Redefining \% on input line 190.
 [55 <./images/options.png>]
Package acronym Info: Label `acro:QR' overridden on input line 190.

<images/stock.png, id=1206, 803.0pt x 1284.8pt>
File: images/stock.png Graphic file (type png)
 <use images/stock.png>
Package pdftex.def Info: images/stock.png used on input line 196.
(pdftex.def)             Requested size: 360.0pt x 576.01778pt.


LaTeX Warning: Float too large for page by 17.41753pt on input line 196.

<images/stats.png, id=1208, 803.0pt x 1284.8pt>
File: images/stats.png Graphic file (type png)
 <use images/stats.png>
Package pdftex.def Info: images/stats.png used on input line 205.
(pdftex.def)             Requested size: 360.0pt x 576.01778pt.


LaTeX Warning: Float too large for page by 31.01753pt on input line 205.

<images/closeCash.png, id=1210, 803.0pt x 1284.8pt>
File: images/closeCash.png Graphic file (type png)
 <use images/closeCash.png>
Package pdftex.def Info: images/closeCash.png used on input line 212.
(pdftex.def)             Requested size: 360.0pt x 576.01778pt.


LaTeX Warning: Float too large for page by 31.01753pt on input line 212.

) (./parts/Demos.tex
LaTeX Info: Redefining \. on input line 1.
LaTeX Info: Redefining \% on input line 1.
Package acronym Info: Label `acro:UI' overridden on input line 1.
 [56]
LaTeX Info: Redefining \. on input line 1.
LaTeX Info: Redefining \% on input line 1.
 [57 <./images/stock.png>]
LaTeX Info: Redefining \. on input line 1.
LaTeX Info: Redefining \% on input line 1.
 [58 <./images/stats.png>]
LaTeX Info: Redefining \. on input line 1.
LaTeX Info: Redefining \% on input line 1.

[59 <./images/closeCash.png>]
Cap\'{\i }tulo 6.
Package acronym Info: Label `acro:TFE' overridden on input line 9.

Overfull \hbox (6.48656pt too wide) in paragraph at lines 9--10
[]\T1/ptm/m/n/10.95 Pruebas uni-ta-rias desa-rro-lla-das pa-ra es-te [][][]Trab
ajo Fi-nal de Es-pe-cia-li-za-ción ([])[]. 
 []

) [60

] (./parts/conclusion.tex
Package acronym Info: Label `acro:TFE' overridden on input line 6.
) [61

] (./parts/Acronimos.tex [62

]
Ap\'{e}ndice A.
LaTeX Font Info:    Try loading font information for T1+phv on input line 3.
(/usr/local/texlive/2012/texmf-dist/tex/latex/psnfss/t1phv.fd
File: t1phv.fd 2001/06/04 scalable font definitions for T1/phv.
)
LaTeX Font Info:    Font shape `T1/phv/bx/n' in size <10.95> not available
(Font)              Font shape `T1/phv/b/n' tried instead on input line 3.
Package acronym Info: Label `acro:SDK' overridden on input line 24.
 [63

]
LaTeX Info: Redefining \. on input line 155.
LaTeX Info: Redefining \% on input line 155.
 [64pdfTeX warning (ext4): destination with the same identifier (name{IDE}) has
 been already used, duplicate ignored

\AtBegShi@Output ...ipout \box \AtBeginShipoutBox 
                                                  \fi \fi 
l.155 \chapter
              {Glosario}]
Ap\'{e}ndice B.

Overfull \hbox (8.37654pt too wide) in paragraph at lines 182--184
\T1/ptm/m/n/10.95 de nu-me-ra-ciï¿½n po-si-cio-nal de ba-se 16 --empleando por 
lo tan-to 16 sï¿½mbolos--
 []

Package acronym Info: Label `acro:BD' overridden on input line 189.
[65

]
Package acronym Info: Label `acro:JFC' newly defined as it shall be overridden
although it is yet undefined on input line 215.


Package acronym Warning: Acronym `JFC' is not defined on input line 215.


Package acronym Warning: Acronym `JFC' is not defined on input line 215.

Package acronym Info: Label `acro:IG' newly defined as it shall be overridden
although it is yet undefined on input line 215.

Package acronym Warning: Acronym `IG' is not defined on input line 215.


Package acronym Warning: Acronym `IG' is not defined on input line 215.

) (/usr/local/texlive/2012/texmf-dist/tex/generic/bibtex/apalike.tex)
No file Servidor-SMS.bbl.
LaTeX Info: Redefining \. on input line 163.
LaTeX Info: Redefining \% on input line 163.
[66]
Package atveryend Info: Empty hook `BeforeClearDocument' on input line 167.
Package atveryend Info: Empty hook `AfterLastShipout' on input line 167.
 (./Servidor-SMS.aux
LaTeX Info: Redefining \. on input line 23.
LaTeX Info: Redefining \% on input line 23.
)
Package atveryend Info: Executing hook `AtVeryEndDocument' on input line 167.
Package atveryend Info: Executing hook `AtEndAfterFileList' on input line 167.
Package rerunfilecheck Info: File `Servidor-SMS.out' has not changed.
(rerunfilecheck)             Checksum: 10EFA0FF7175AD3BC72EAF5586423082;5310.


LaTeX Warning: There were multiply-defined labels.

Package atveryend Info: Empty hook `AtVeryVeryEnd' on input line 167.
 ) 
Here is how much of TeX's memory you used:
 8330 strings out of 493488
 116426 string characters out of 3141326
 214312 words of memory out of 3000000
 11067 multiletter control sequences out of 15000+200000
 100697 words of font info for 85 fonts, out of 3000000 for 9000
 965 hyphenation exceptions out of 8191
 35i,13n,45p,1038b,690s stack positions out of 5000i,500n,10000p,200000b,50000s
{/usr/local/texlive/2012/texmf-dist/fonts/enc/dvips/base/8r.enc}</usr/local/t
exlive/2012/texmf-dist/fonts/type1/urw/helvetic/uhvb8a.pfb></usr/local/texlive/
2012/texmf-dist/fonts/type1/urw/times/utmb8a.pfb></usr/local/texlive/2012/texmf
-dist/fonts/type1/urw/times/utmbi8a.pfb></usr/local/texlive/2012/texmf-dist/fon
ts/type1/urw/times/utmr8a.pfb></usr/local/texlive/2012/texmf-dist/fonts/type1/u
rw/times/utmr8a.pfb></usr/local/texlive/2012/texmf-dist/fonts/type1/urw/times/u
tmri8a.pfb>
Output written on Servidor-SMS.pdf (76 pages, 2690746 bytes).
PDF statistics:
 1375 PDF objects out of 1440 (max. 8388607)
 1222 compressed objects within 13 object streams
 341 named destinations out of 1000 (max. 500000)
 770 words of extra memory for PDF output out of 10000 (max. 10000000)

